<?xml version="1.0" encoding="UTF-8"?>
<!-- Generated by org.testng.reporters.JUnitReportReporter -->
<testsuite hostname="DESKTOP-MQI4FFU" failures="0" tests="3" name="SampleTest" time="0.005" errors="0" timestamp="2023-04-12T12:55:55 IST" skipped="0">
  <testcase classname="SampleTest" name="testSearch" time="0.000"/>
  <system-out/>
  <testcase classname="SampleTest" name="testLogin" time="0.000"/>
  <system-out/>
  <testcase classname="SampleTest" name="testAddition" time="0.005"/>
  <system-out/>
</testsuite> <!-- SampleTest -->
