<?xml version="1.0" encoding="UTF-8"?>
<!-- Generated by org.testng.reporters.JUnitReportReporter -->
<testsuite hostname="DESKTOP-MQI4FFU" failures="0" tests="2" name="Googletest.GmailTest" time="0.005" errors="0" timestamp="2023-04-11T17:46:33 IST" skipped="0">
  <testcase classname="Googletest.GmailTest" name="LoginTest" time="0.004"/>
  <system-out/>
  <testcase classname="Googletest.GmailTest" name="LogoutTest" time="0.001"/>
  <system-out/>
</testsuite> <!-- Googletest.GmailTest -->
