<?xml version="1.0" encoding="UTF-8"?>
<!-- Generated by org.testng.reporters.JUnitReportReporter -->
<testsuite hostname="DESKTOP-MQI4FFU" failures="0" tests="2" name="Googletest.ImagesTest" time="0.000" errors="0" timestamp="2023-04-11T17:46:33 IST" skipped="0">
  <testcase classname="Googletest.ImagesTest" name="DeleteImagesTest" time="0.000"/>
  <system-out/>
  <testcase classname="Googletest.ImagesTest" name="AddImagesTest" time="0.000"/>
  <system-out/>
</testsuite> <!-- Googletest.ImagesTest -->
