<?xml version="1.0" encoding="UTF-8"?>
<!-- Generated by org.testng.reporters.JUnitReportReporter -->
<testsuite hostname="DESKTOP-MQI4FFU" failures="0" tests="2" name="Googletest.MapsTest" time="0.000" errors="0" timestamp="2023-04-11T17:46:33 IST" skipped="0">
  <testcase classname="Googletest.MapsTest" name="DeleteMapsTest" time="0.000"/>
  <system-out/>
  <testcase classname="Googletest.MapsTest" name="AddMapsTest" time="0.000"/>
  <system-out/>
</testsuite> <!-- Googletest.MapsTest -->
