<?xml version="1.0" encoding="UTF-8"?>
<!-- Generated by org.testng.reporters.JUnitReportReporter -->
<testsuite hostname="DESKTOP-MQI4FFU" failures="0" tests="1" name="Annotations.AllAnnotationsTest" time="0.002" errors="0" timestamp="2023-04-10T15:07:48 IST" skipped="0">
  <testcase classname="Annotations.AllAnnotationsTest" name="hello" time="0.002"/>
  <system-out/>
</testsuite> <!-- Annotations.AllAnnotationsTest -->
