<?xml version="1.0" encoding="UTF-8"?>
<!-- Generated by org.testng.reporters.JUnitReportReporter -->
<testsuite hostname="DESKTOP-MQI4FFU" failures="0" tests="1" name="UserRegistrationTest" time="0.007" errors="0" timestamp="2023-04-12T12:27:45 IST" skipped="0">
  <testcase classname="UserRegistrationTest" name="verifyUserRegistrationFunctionality" time="0.007"/>
  <system-out/>
</testsuite> <!-- UserRegistrationTest -->
