<?xml version="1.0" encoding="UTF-8"?>
<!-- Generated by org.testng.reporters.JUnitReportReporter -->
<testsuite hostname="DESKTOP-MQI4FFU" failures="0" tests="4" name="TestDatabase" time="0.002" errors="0" timestamp="2023-04-12T17:14:28 IST" skipped="0">
  <testcase classname="TestDatabase" name="testConnectMsSQL" time="0.000"/>
  <system-out/>
  <testcase classname="TestDatabase" name="testConnectOracle" time="0.000"/>
  <system-out/>
  <testcase classname="TestDatabase" name="testConnectMySQL" time="0.001"/>
  <system-out/>
  <testcase classname="TestDatabase" name="testConnectMongoDB" time="0.001"/>
  <system-out/>
</testsuite> <!-- TestDatabase -->
