<?xml version="1.0" encoding="UTF-8"?>
<!-- Generated by org.testng.reporters.JUnitReportReporter -->
<testsuite hostname="DESKTOP-MQI4FFU" failures="0" tests="4" name="TestOrder" time="0.000" errors="0" timestamp="2023-04-12T17:14:28 IST" skipped="0">
  <testcase classname="TestOrder" name="testFindOrder" time="0.000"/>
  <system-out/>
  <testcase classname="TestOrder" name="testMakeEmptyOrder" time="0.000"/>
  <system-out/>
  <testcase classname="TestOrder" name="testMakeOrder" time="0.000"/>
  <system-out/>
  <testcase classname="TestOrder" name="testUpdateOrder" time="0.000"/>
  <system-out/>
</testsuite> <!-- TestOrder -->
